<?xml version="1.0" encoding="UTF-8"?>
<testng-results ignored="0" total="2" passed="2" failed="0" skipped="0">
  <reporter-output>
  </reporter-output>
  <suite started-at="2023-04-14T14:15:27 IST" name="Suite" finished-at="2023-04-14T14:17:24 IST" duration-ms="116733">
    <groups>
    </groups>
    <test started-at="2023-04-14T14:15:27 IST" name="Test" finished-at="2023-04-14T14:17:24 IST" duration-ms="116733">
      <class name="Pr.Automation">
        <test-method is-config="true" signature="beforeTestInitializeWebdriver()[pri:0, instance:Pr.Automation@4d5b6aac]" started-at="2023-04-14T14:15:27 IST" name="beforeTestInitializeWebdriver" finished-at="2023-04-14T14:15:46 IST" duration-ms="19157" status="PASS">
          <reporter-output>
          </reporter-output>
        </test-method> <!-- beforeTestInitializeWebdriver -->
        <test-method signature="test()[pri:1, instance:Pr.Automation@4d5b6aac]" started-at="2023-04-14T14:15:46 IST" name="test" finished-at="2023-04-14T14:17:22 IST" duration-ms="95891" status="PASS">
          <reporter-output>
          </reporter-output>
        </test-method> <!-- test -->
        <test-method signature="test2()[pri:2, instance:Pr.Automation@4d5b6aac]" started-at="2023-04-14T14:17:22 IST" name="test2" finished-at="2023-04-14T14:17:23 IST" duration-ms="835" status="PASS">
          <reporter-output>
          </reporter-output>
        </test-method> <!-- test2 -->
        <test-method is-config="true" signature="afterTestBrowserClose()[pri:0, instance:Pr.Automation@4d5b6aac]" started-at="2023-04-14T14:17:23 IST" name="afterTestBrowserClose" finished-at="2023-04-14T14:17:24 IST" duration-ms="816" status="PASS">
          <reporter-output>
          </reporter-output>
        </test-method> <!-- afterTestBrowserClose -->
      </class> <!-- Pr.Automation -->
    </test> <!-- Test -->
  </suite> <!-- Suite -->
</testng-results>
